2018-05-27 at 15:45:54 CST INFO  log4j.Test1 'Line-' 15 Test - info
2018-05-27 at 15:45:54 CST WARN  log4j.Test1 'Line-' 16 Test - warn
2018-05-27 at 15:45:54 CST ERROR log4j.Test1 'Line-' 17 Test - errot
2018-05-27 at 15:45:54 CST FATAL log4j.Test1 'Line-' 18 Test - fatal
2018-08-06 at 14:49:44 CST INFO  log4j.Test1 'Line-' 15 Test - info
2018-08-06 at 14:49:44 CST WARN  log4j.Test1 'Line-' 16 Test - warn
2018-08-06 at 14:49:44 CST ERROR log4j.Test1 'Line-' 17 Test - error
2018-08-06 at 14:49:44 CST FATAL log4j.Test1 'Line-' 18 Test - fatal
2018-08-06 at 14:52:04 CST INFO  proxy.PerformanceHandle 'Line-' 20 invoke - start
2018-08-06 at 14:52:04 CST INFO  proxy.PerformanceHandle 'Line-' 21 invoke - com.sun.proxy.$Proxy17 removeForum
2018-08-06 at 14:52:04 CST INFO  proxy.ForumServiceImpl 'Line-' 17 removeForum - removeForum:12
2018-08-06 at 14:52:04 CST INFO  proxy.PerformanceHandle 'Line-' 23 invoke - end
2018-08-06 at 14:52:04 CST INFO  proxy.PerformanceHandle 'Line-' 20 invoke - start
2018-08-06 at 14:52:04 CST INFO  proxy.PerformanceHandle 'Line-' 21 invoke - com.sun.proxy.$Proxy17 removeTopic
2018-08-06 at 14:52:04 CST INFO  proxy.ForumServiceImpl 'Line-' 12 removeTopic - removeTopic:21
2018-08-06 at 14:52:04 CST INFO  proxy.PerformanceHandle 'Line-' 23 invoke - end
2018-08-06 at 14:52:04 CST INFO  proxy.Test 'Line-' 19 main - com.sun.proxy.$Proxy17
2018-08-06 at 14:55:06 CST INFO  proxy.PerformanceHandle 'Line-' 23 invoke - start
2018-08-06 at 14:55:06 CST INFO  proxy.PerformanceHandle 'Line-' 24 invoke - com.sun.proxy.$Proxy17 removeForum
2018-08-06 at 14:55:06 CST INFO  proxy.ForumServiceImpl 'Line-' 17 removeForum - removeForum:12
2018-08-06 at 14:55:06 CST INFO  proxy.PerformanceHandle 'Line-' 26 invoke - end
2018-08-06 at 14:55:06 CST INFO  proxy.PerformanceHandle 'Line-' 23 invoke - start
2018-08-06 at 14:55:06 CST INFO  proxy.PerformanceHandle 'Line-' 24 invoke - com.sun.proxy.$Proxy17 removeTopic
2018-08-06 at 14:55:06 CST INFO  proxy.ForumServiceImpl 'Line-' 12 removeTopic - removeTopic:21
2018-08-06 at 14:55:06 CST INFO  proxy.PerformanceHandle 'Line-' 26 invoke - end
2018-08-06 at 14:55:06 CST INFO  proxy.Test 'Line-' 20 main - com.sun.proxy.$Proxy17
2018-08-06 at 14:56:02 CST INFO  proxy.PerformanceHandle 'Line-' 23 invoke - start
2018-08-06 at 14:56:02 CST INFO  proxy.PerformanceHandle 'Line-' 24 invoke - com.sun.proxy.$Proxy17 removeForum
2018-08-06 at 14:56:02 CST INFO  proxy.ForumServiceImpl 'Line-' 17 removeForum - removeForum:12
2018-08-06 at 14:56:02 CST INFO  proxy.PerformanceHandle 'Line-' 26 invoke - end
2018-08-06 at 14:56:02 CST INFO  proxy.PerformanceHandle 'Line-' 23 invoke - start
2018-08-06 at 14:56:02 CST INFO  proxy.PerformanceHandle 'Line-' 24 invoke - com.sun.proxy.$Proxy17 removeTopic
2018-08-06 at 14:56:02 CST INFO  proxy.ForumServiceImpl 'Line-' 12 removeTopic - removeTopic:21
2018-08-06 at 14:56:02 CST INFO  proxy.PerformanceHandle 'Line-' 26 invoke - end
2018-08-06 at 14:56:02 CST INFO  proxy.Test 'Line-' 20 main - com.sun.proxy.$Proxy17
2018-08-06 at 14:56:02 CST ERROR proxy.Test 'Line-' 25 main - com.sun.proxy.$Proxy17.getTarget()
2018-08-06 at 14:56:55 CST INFO  proxy.PerformanceHandle 'Line-' 23 invoke - start
2018-08-06 at 14:56:55 CST INFO  proxy.PerformanceHandle 'Line-' 24 invoke - com.sun.proxy.$Proxy17 removeForum
2018-08-06 at 14:56:55 CST INFO  proxy.ForumServiceImpl 'Line-' 17 removeForum - removeForum:12
2018-08-06 at 14:56:55 CST INFO  proxy.PerformanceHandle 'Line-' 26 invoke - end
2018-08-06 at 14:56:55 CST INFO  proxy.PerformanceHandle 'Line-' 23 invoke - start
2018-08-06 at 14:56:55 CST INFO  proxy.PerformanceHandle 'Line-' 24 invoke - com.sun.proxy.$Proxy17 removeTopic
2018-08-06 at 14:56:55 CST INFO  proxy.ForumServiceImpl 'Line-' 12 removeTopic - removeTopic:21
2018-08-06 at 14:56:55 CST INFO  proxy.PerformanceHandle 'Line-' 26 invoke - end
2018-08-06 at 14:56:55 CST INFO  proxy.Test 'Line-' 20 main - com.sun.proxy.$Proxy17
2018-08-06 at 14:58:24 CST INFO  proxy.PerformanceHandle 'Line-' 24 invoke - start
2018-08-06 at 14:58:24 CST INFO  proxy.PerformanceHandle 'Line-' 25 invoke - com.sun.proxy.$Proxy17 removeForum
2018-08-06 at 14:58:24 CST INFO  proxy.ForumServiceImpl 'Line-' 17 removeForum - removeForum:12
2018-08-06 at 14:58:24 CST INFO  proxy.PerformanceHandle 'Line-' 27 invoke - end
2018-08-06 at 14:58:24 CST INFO  proxy.PerformanceHandle 'Line-' 24 invoke - start
2018-08-06 at 14:58:24 CST INFO  proxy.PerformanceHandle 'Line-' 25 invoke - com.sun.proxy.$Proxy17 removeTopic
2018-08-06 at 14:58:24 CST INFO  proxy.ForumServiceImpl 'Line-' 12 removeTopic - removeTopic:21
2018-08-06 at 14:58:24 CST INFO  proxy.PerformanceHandle 'Line-' 27 invoke - end
2018-08-06 at 14:58:24 CST INFO  proxy.Test 'Line-' 20 main - com.sun.proxy.$Proxy17
2018-08-06 at 14:59:14 CST INFO  proxy.PerformanceHandle 'Line-' 23 invoke - start
2018-08-06 at 14:59:14 CST INFO  proxy.PerformanceHandle 'Line-' 24 invoke - com.sun.proxy.$Proxy17 removeForum
2018-08-06 at 14:59:14 CST INFO  proxy.ForumServiceImpl 'Line-' 17 removeForum - removeForum:12
2018-08-06 at 14:59:14 CST INFO  proxy.PerformanceHandle 'Line-' 26 invoke - end
2018-08-06 at 14:59:14 CST INFO  proxy.PerformanceHandle 'Line-' 23 invoke - start
2018-08-06 at 14:59:14 CST INFO  proxy.PerformanceHandle 'Line-' 24 invoke - com.sun.proxy.$Proxy17 removeTopic
2018-08-06 at 14:59:14 CST INFO  proxy.ForumServiceImpl 'Line-' 12 removeTopic - removeTopic:21
2018-08-06 at 14:59:14 CST INFO  proxy.PerformanceHandle 'Line-' 26 invoke - end
2018-08-06 at 14:59:14 CST INFO  proxy.Test 'Line-' 20 main - com.sun.proxy.$Proxy17
2018-08-06 at 15:01:09 CST INFO  proxy.PerformanceHandle 'Line-' 23 invoke - start
2018-08-06 at 15:01:09 CST INFO  proxy.PerformanceHandle 'Line-' 24 invoke - com.sun.proxy.$Proxy17 removeForum
2018-08-06 at 15:01:09 CST INFO  proxy.ForumServiceImpl 'Line-' 17 removeForum - removeForum:12
2018-08-06 at 15:01:09 CST INFO  proxy.PerformanceHandle 'Line-' 26 invoke - end
2018-08-06 at 15:01:09 CST INFO  proxy.PerformanceHandle 'Line-' 23 invoke - start
2018-08-06 at 15:01:09 CST INFO  proxy.PerformanceHandle 'Line-' 24 invoke - com.sun.proxy.$Proxy17 removeTopic
2018-08-06 at 15:01:09 CST INFO  proxy.ForumServiceImpl 'Line-' 12 removeTopic - removeTopic:21
2018-08-06 at 15:01:09 CST INFO  proxy.PerformanceHandle 'Line-' 26 invoke - end
2018-08-06 at 15:01:09 CST INFO  proxy.Test 'Line-' 21 main - com.sun.proxy.$Proxy17
2018-08-06 at 15:01:09 CST INFO  proxy.Test 'Line-' 23 main - --------------------------------------------------------------------------
2018-08-06 at 15:01:09 CST INFO  java.util.Spliterators$ArraySpliterator 'Line-' 948 forEachRemaining - public final boolean com.sun.proxy.$Proxy17.equals(java.lang.Object)
2018-08-06 at 15:01:09 CST INFO  java.util.Spliterators$ArraySpliterator 'Line-' 948 forEachRemaining - public final java.lang.String com.sun.proxy.$Proxy17.toString()
2018-08-06 at 15:01:09 CST INFO  java.util.Spliterators$ArraySpliterator 'Line-' 948 forEachRemaining - public final int com.sun.proxy.$Proxy17.hashCode()
2018-08-06 at 15:01:09 CST INFO  java.util.Spliterators$ArraySpliterator 'Line-' 948 forEachRemaining - public final void com.sun.proxy.$Proxy17.removeForum(int)
2018-08-06 at 15:01:09 CST INFO  java.util.Spliterators$ArraySpliterator 'Line-' 948 forEachRemaining - public final void com.sun.proxy.$Proxy17.removeTopic(int)
2018-08-06 at 15:01:09 CST INFO  java.util.Spliterators$ArraySpliterator 'Line-' 948 forEachRemaining - public static boolean java.lang.reflect.Proxy.isProxyClass(java.lang.Class)
2018-08-06 at 15:01:09 CST INFO  java.util.Spliterators$ArraySpliterator 'Line-' 948 forEachRemaining - public static java.lang.Class java.lang.reflect.Proxy.getProxyClass(java.lang.ClassLoader,java.lang.Class[]) throws java.lang.IllegalArgumentException
2018-08-06 at 15:01:09 CST INFO  java.util.Spliterators$ArraySpliterator 'Line-' 948 forEachRemaining - public static java.lang.Object java.lang.reflect.Proxy.newProxyInstance(java.lang.ClassLoader,java.lang.Class[],java.lang.reflect.InvocationHandler)
2018-08-06 at 15:01:09 CST INFO  java.util.Spliterators$ArraySpliterator 'Line-' 948 forEachRemaining - public static java.lang.reflect.InvocationHandler java.lang.reflect.Proxy.getInvocationHandler(java.lang.Object) throws java.lang.IllegalArgumentException
2018-08-06 at 15:01:09 CST INFO  java.util.Spliterators$ArraySpliterator 'Line-' 948 forEachRemaining - public final native void java.lang.Object.wait(long) throws java.lang.InterruptedException
2018-08-06 at 15:01:09 CST INFO  java.util.Spliterators$ArraySpliterator 'Line-' 948 forEachRemaining - public final void java.lang.Object.wait(long,int) throws java.lang.InterruptedException
2018-08-06 at 15:01:09 CST INFO  java.util.Spliterators$ArraySpliterator 'Line-' 948 forEachRemaining - public final void java.lang.Object.wait() throws java.lang.InterruptedException
2018-08-06 at 15:01:09 CST INFO  java.util.Spliterators$ArraySpliterator 'Line-' 948 forEachRemaining - public final native java.lang.Class java.lang.Object.getClass()
2018-08-06 at 15:01:09 CST INFO  java.util.Spliterators$ArraySpliterator 'Line-' 948 forEachRemaining - public final native void java.lang.Object.notify()
2018-08-06 at 15:01:09 CST INFO  java.util.Spliterators$ArraySpliterator 'Line-' 948 forEachRemaining - public final native void java.lang.Object.notifyAll()
2018-08-06 at 15:04:45 CST INFO  proxy.PerformanceHandle 'Line-' 27 invoke - start
2018-08-06 at 15:04:45 CST INFO  proxy.PerformanceHandle 'Line-' 28 invoke - com.sun.proxy.$Proxy17 removeForum
2018-08-06 at 15:04:45 CST INFO  proxy.ForumServiceImpl 'Line-' 17 removeForum - removeForum:12
2018-08-06 at 15:04:45 CST INFO  proxy.PerformanceHandle 'Line-' 30 invoke - end
2018-08-06 at 15:04:45 CST INFO  proxy.PerformanceHandle 'Line-' 27 invoke - start
2018-08-06 at 15:04:45 CST INFO  proxy.PerformanceHandle 'Line-' 28 invoke - com.sun.proxy.$Proxy17 removeTopic
2018-08-06 at 15:04:45 CST INFO  proxy.ForumServiceImpl 'Line-' 12 removeTopic - removeTopic:21
2018-08-06 at 15:04:45 CST INFO  proxy.PerformanceHandle 'Line-' 30 invoke - end
2018-08-06 at 15:04:45 CST INFO  proxy.Test 'Line-' 20 main - com.sun.proxy.$Proxy17
2018-08-06 at 15:04:45 CST INFO  proxy.Test 'Line-' 22 main - --------------------------------------------------------------------------
2018-08-06 at 15:04:45 CST INFO  java.util.Spliterators$ArraySpliterator 'Line-' 948 forEachRemaining - public final boolean com.sun.proxy.$Proxy17.equals(java.lang.Object)
2018-08-06 at 15:04:45 CST INFO  java.util.Spliterators$ArraySpliterator 'Line-' 948 forEachRemaining - public final java.lang.String com.sun.proxy.$Proxy17.toString()
2018-08-06 at 15:04:45 CST INFO  java.util.Spliterators$ArraySpliterator 'Line-' 948 forEachRemaining - public final int com.sun.proxy.$Proxy17.hashCode()
2018-08-06 at 15:04:45 CST INFO  java.util.Spliterators$ArraySpliterator 'Line-' 948 forEachRemaining - public final void com.sun.proxy.$Proxy17.removeForum(int)
2018-08-06 at 15:04:45 CST INFO  java.util.Spliterators$ArraySpliterator 'Line-' 948 forEachRemaining - public final void com.sun.proxy.$Proxy17.removeTopic(int)
2018-08-06 at 15:04:45 CST INFO  java.util.Spliterators$ArraySpliterator 'Line-' 948 forEachRemaining - public static boolean java.lang.reflect.Proxy.isProxyClass(java.lang.Class)
2018-08-06 at 15:04:45 CST INFO  java.util.Spliterators$ArraySpliterator 'Line-' 948 forEachRemaining - public static java.lang.Class java.lang.reflect.Proxy.getProxyClass(java.lang.ClassLoader,java.lang.Class[]) throws java.lang.IllegalArgumentException
2018-08-06 at 15:04:45 CST INFO  java.util.Spliterators$ArraySpliterator 'Line-' 948 forEachRemaining - public static java.lang.reflect.InvocationHandler java.lang.reflect.Proxy.getInvocationHandler(java.lang.Object) throws java.lang.IllegalArgumentException
2018-08-06 at 15:04:45 CST INFO  java.util.Spliterators$ArraySpliterator 'Line-' 948 forEachRemaining - public static java.lang.Object java.lang.reflect.Proxy.newProxyInstance(java.lang.ClassLoader,java.lang.Class[],java.lang.reflect.InvocationHandler)
2018-08-06 at 15:04:45 CST INFO  java.util.Spliterators$ArraySpliterator 'Line-' 948 forEachRemaining - public final native void java.lang.Object.wait(long) throws java.lang.InterruptedException
2018-08-06 at 15:04:45 CST INFO  java.util.Spliterators$ArraySpliterator 'Line-' 948 forEachRemaining - public final void java.lang.Object.wait(long,int) throws java.lang.InterruptedException
2018-08-06 at 15:04:45 CST INFO  java.util.Spliterators$ArraySpliterator 'Line-' 948 forEachRemaining - public final void java.lang.Object.wait() throws java.lang.InterruptedException
2018-08-06 at 15:04:45 CST INFO  java.util.Spliterators$ArraySpliterator 'Line-' 948 forEachRemaining - public final native java.lang.Class java.lang.Object.getClass()
2018-08-06 at 15:04:45 CST INFO  java.util.Spliterators$ArraySpliterator 'Line-' 948 forEachRemaining - public final native void java.lang.Object.notify()
2018-08-06 at 15:04:45 CST INFO  java.util.Spliterators$ArraySpliterator 'Line-' 948 forEachRemaining - public final native void java.lang.Object.notifyAll()
2018-08-06 at 15:04:45 CST INFO  proxy.Test 'Line-' 26 main - --------------------------------------------------------------------------
2018-08-06 at 15:04:45 CST INFO  proxy.Test 'Line-' 28 main - proxy.ForumServiceImpl
2018-08-06 at 15:59:23 CST INFO  proxy.PerformanceHandle 'Line-' 27 invoke - start
2018-08-06 at 15:59:23 CST INFO  proxy.PerformanceHandle 'Line-' 28 invoke - com.sun.proxy.$Proxy17 removeForum
2018-08-06 at 15:59:23 CST INFO  proxy.ForumServiceImpl 'Line-' 17 removeForum - removeForum:12
2018-08-06 at 15:59:23 CST INFO  proxy.PerformanceHandle 'Line-' 30 invoke - end
2018-08-06 at 15:59:23 CST INFO  proxy.PerformanceHandle 'Line-' 27 invoke - start
2018-08-06 at 15:59:23 CST INFO  proxy.PerformanceHandle 'Line-' 28 invoke - com.sun.proxy.$Proxy17 removeTopic
2018-08-06 at 15:59:23 CST INFO  proxy.ForumServiceImpl 'Line-' 12 removeTopic - removeTopic:21
2018-08-06 at 15:59:23 CST INFO  proxy.PerformanceHandle 'Line-' 30 invoke - end
2018-08-06 at 15:59:23 CST INFO  proxy.Test 'Line-' 20 main - com.sun.proxy.$Proxy17
2018-08-06 at 15:59:23 CST INFO  proxy.Test 'Line-' 22 main - --------------------------------------------------------------------------
2018-08-06 at 15:59:23 CST INFO  java.util.Spliterators$ArraySpliterator 'Line-' 948 forEachRemaining - public final boolean com.sun.proxy.$Proxy17.equals(java.lang.Object)
2018-08-06 at 15:59:23 CST INFO  java.util.Spliterators$ArraySpliterator 'Line-' 948 forEachRemaining - public final java.lang.String com.sun.proxy.$Proxy17.toString()
2018-08-06 at 15:59:23 CST INFO  java.util.Spliterators$ArraySpliterator 'Line-' 948 forEachRemaining - public final int com.sun.proxy.$Proxy17.hashCode()
2018-08-06 at 15:59:23 CST INFO  java.util.Spliterators$ArraySpliterator 'Line-' 948 forEachRemaining - public final void com.sun.proxy.$Proxy17.removeTopic(int)
2018-08-06 at 15:59:23 CST INFO  java.util.Spliterators$ArraySpliterator 'Line-' 948 forEachRemaining - public final void com.sun.proxy.$Proxy17.removeForum(int)
2018-08-06 at 15:59:23 CST INFO  java.util.Spliterators$ArraySpliterator 'Line-' 948 forEachRemaining - public static boolean java.lang.reflect.Proxy.isProxyClass(java.lang.Class)
2018-08-06 at 15:59:23 CST INFO  java.util.Spliterators$ArraySpliterator 'Line-' 948 forEachRemaining - public static java.lang.Object java.lang.reflect.Proxy.newProxyInstance(java.lang.ClassLoader,java.lang.Class[],java.lang.reflect.InvocationHandler)
2018-08-06 at 15:59:23 CST INFO  java.util.Spliterators$ArraySpliterator 'Line-' 948 forEachRemaining - public static java.lang.reflect.InvocationHandler java.lang.reflect.Proxy.getInvocationHandler(java.lang.Object) throws java.lang.IllegalArgumentException
2018-08-06 at 15:59:23 CST INFO  java.util.Spliterators$ArraySpliterator 'Line-' 948 forEachRemaining - public static java.lang.Class java.lang.reflect.Proxy.getProxyClass(java.lang.ClassLoader,java.lang.Class[]) throws java.lang.IllegalArgumentException
2018-08-06 at 15:59:23 CST INFO  java.util.Spliterators$ArraySpliterator 'Line-' 948 forEachRemaining - public final native void java.lang.Object.wait(long) throws java.lang.InterruptedException
2018-08-06 at 15:59:23 CST INFO  java.util.Spliterators$ArraySpliterator 'Line-' 948 forEachRemaining - public final void java.lang.Object.wait(long,int) throws java.lang.InterruptedException
2018-08-06 at 15:59:23 CST INFO  java.util.Spliterators$ArraySpliterator 'Line-' 948 forEachRemaining - public final void java.lang.Object.wait() throws java.lang.InterruptedException
2018-08-06 at 15:59:23 CST INFO  java.util.Spliterators$ArraySpliterator 'Line-' 948 forEachRemaining - public final native java.lang.Class java.lang.Object.getClass()
2018-08-06 at 15:59:23 CST INFO  java.util.Spliterators$ArraySpliterator 'Line-' 948 forEachRemaining - public final native void java.lang.Object.notify()
2018-08-06 at 15:59:23 CST INFO  java.util.Spliterators$ArraySpliterator 'Line-' 948 forEachRemaining - public final native void java.lang.Object.notifyAll()
2018-08-06 at 15:59:23 CST INFO  proxy.Test 'Line-' 26 main - --------------------------------------------------------------------------
2018-08-06 at 15:59:23 CST INFO  proxy.Test 'Line-' 28 main - proxy.ForumServiceImpl
2018-08-06 at 16:08:01 CST INFO  proxy.PerformanceHandle 'Line-' 27 invoke - start
2018-08-06 at 16:08:01 CST INFO  proxy.PerformanceHandle 'Line-' 28 invoke - com.sun.proxy.$Proxy17 removeForum
2018-08-06 at 16:08:01 CST INFO  proxy.ForumServiceImpl 'Line-' 17 removeForum - removeForum:12
2018-08-06 at 16:08:01 CST INFO  proxy.PerformanceHandle 'Line-' 30 invoke - end
2018-08-06 at 16:08:01 CST INFO  proxy.PerformanceHandle 'Line-' 27 invoke - start
2018-08-06 at 16:08:01 CST INFO  proxy.PerformanceHandle 'Line-' 28 invoke - com.sun.proxy.$Proxy17 removeTopic
2018-08-06 at 16:08:01 CST INFO  proxy.ForumServiceImpl 'Line-' 12 removeTopic - removeTopic:21
2018-08-06 at 16:08:01 CST INFO  proxy.PerformanceHandle 'Line-' 30 invoke - end
2018-08-06 at 16:08:01 CST INFO  proxy.Test 'Line-' 20 main - com.sun.proxy.$Proxy17
2018-08-06 at 16:08:01 CST INFO  proxy.Test 'Line-' 22 main - --------------------------------------------------------------------------
2018-08-06 at 16:08:01 CST INFO  java.util.Spliterators$ArraySpliterator 'Line-' 948 forEachRemaining - public final boolean com.sun.proxy.$Proxy17.equals(java.lang.Object)
2018-08-06 at 16:08:01 CST INFO  java.util.Spliterators$ArraySpliterator 'Line-' 948 forEachRemaining - public final java.lang.String com.sun.proxy.$Proxy17.toString()
2018-08-06 at 16:08:01 CST INFO  java.util.Spliterators$ArraySpliterator 'Line-' 948 forEachRemaining - public final int com.sun.proxy.$Proxy17.hashCode()
2018-08-06 at 16:08:01 CST INFO  java.util.Spliterators$ArraySpliterator 'Line-' 948 forEachRemaining - public final void com.sun.proxy.$Proxy17.removeForum(int)
2018-08-06 at 16:08:01 CST INFO  java.util.Spliterators$ArraySpliterator 'Line-' 948 forEachRemaining - public final void com.sun.proxy.$Proxy17.removeTopic(int)
2018-08-06 at 16:08:01 CST INFO  java.util.Spliterators$ArraySpliterator 'Line-' 948 forEachRemaining - public static boolean java.lang.reflect.Proxy.isProxyClass(java.lang.Class)
2018-08-06 at 16:08:01 CST INFO  java.util.Spliterators$ArraySpliterator 'Line-' 948 forEachRemaining - public static java.lang.Class java.lang.reflect.Proxy.getProxyClass(java.lang.ClassLoader,java.lang.Class[]) throws java.lang.IllegalArgumentException
2018-08-06 at 16:08:01 CST INFO  java.util.Spliterators$ArraySpliterator 'Line-' 948 forEachRemaining - public static java.lang.Object java.lang.reflect.Proxy.newProxyInstance(java.lang.ClassLoader,java.lang.Class[],java.lang.reflect.InvocationHandler)
2018-08-06 at 16:08:01 CST INFO  java.util.Spliterators$ArraySpliterator 'Line-' 948 forEachRemaining - public static java.lang.reflect.InvocationHandler java.lang.reflect.Proxy.getInvocationHandler(java.lang.Object) throws java.lang.IllegalArgumentException
2018-08-06 at 16:08:01 CST INFO  java.util.Spliterators$ArraySpliterator 'Line-' 948 forEachRemaining - public final native void java.lang.Object.wait(long) throws java.lang.InterruptedException
2018-08-06 at 16:08:01 CST INFO  java.util.Spliterators$ArraySpliterator 'Line-' 948 forEachRemaining - public final void java.lang.Object.wait(long,int) throws java.lang.InterruptedException
2018-08-06 at 16:08:01 CST INFO  java.util.Spliterators$ArraySpliterator 'Line-' 948 forEachRemaining - public final void java.lang.Object.wait() throws java.lang.InterruptedException
2018-08-06 at 16:08:01 CST INFO  java.util.Spliterators$ArraySpliterator 'Line-' 948 forEachRemaining - public final native java.lang.Class java.lang.Object.getClass()
2018-08-06 at 16:08:01 CST INFO  java.util.Spliterators$ArraySpliterator 'Line-' 948 forEachRemaining - public final native void java.lang.Object.notify()
2018-08-06 at 16:08:01 CST INFO  java.util.Spliterators$ArraySpliterator 'Line-' 948 forEachRemaining - public final native void java.lang.Object.notifyAll()
2018-08-06 at 16:08:01 CST INFO  proxy.Test 'Line-' 26 main - --------------------------------------------------------------------------
2018-08-06 at 16:08:01 CST INFO  proxy.Test 'Line-' 28 main - proxy.ForumServiceImpl
2018-08-06 at 16:08:01 CST INFO  proxy.Test 'Line-' 30 main - --------------------------------------------------------------------------
2018-08-06 at 16:08:01 CST INFO  proxy.ForumServiceImpl 'Line-' 21 test - this is ForumServiceImpl
2018-08-06 at 16:08:01 CST INFO  proxy.Test 'Line-' 32 main - this is ForumServiceImpl : proxy.ForumServiceImpl@3a5ecce3
2018-08-06 at 16:08:01 CST INFO  proxy.Test 'Line-' 33 main - proxy.ForumServiceImpl@3a5ecce3
2018-08-06 at 21:47:29 CST INFO  log4j.Test1 'Line-' 15 Test - info
2018-08-06 at 21:47:29 CST WARN  log4j.Test1 'Line-' 16 Test - warn
2018-08-06 at 21:47:29 CST ERROR log4j.Test1 'Line-' 17 Test - error
2018-08-06 at 21:47:29 CST FATAL log4j.Test1 'Line-' 18 Test - fatal
2018-08-06 at 21:51:17 CST INFO  log4j.Test1 'Line-' 15 Test - info
2018-08-06 at 21:51:17 CST WARN  log4j.Test1 'Line-' 16 Test - warn
2018-08-06 at 21:51:17 CST ERROR log4j.Test1 'Line-' 17 Test - error
2018-08-06 at 21:51:17 CST FATAL log4j.Test1 'Line-' 18 Test - fatal
2018-08-06 at 21:51:49 CST INFO  log4j.Test1 'Line-' 15 Test - info
2018-08-06 at 21:51:49 CST WARN  log4j.Test1 'Line-' 16 Test - warn
2018-08-06 at 21:51:49 CST ERROR log4j.Test1 'Line-' 17 Test - error
2018-08-06 at 21:51:49 CST FATAL log4j.Test1 'Line-' 18 Test - fatal
2018-08-06 at 21:59:36 CST INFO  log4j.Test1 'Line-' 23 Test2 - log4j.Test1:DEBUG in 4629104a
2018-08-06 at 22:00:16 CST INFO  log4j.Test1 'Line-' 23 Test2 - log4j.Test1:DEBUG in 4629104a
2018-08-06 at 22:00:16 CST INFO  log4j.Test1 'Line-' 24 Test2 - org.apache.logging.log4j.core.Logger
2018-08-06 at 22:05:48 CST INFO  log4j.Test1 'Line-' 29 Test3 - {%d %-5p [%t] %C{2} (%F:%L) - %m%n}
2018-08-06 at 22:08:04 CST INFO  log4j.Test1 'Line-' 15 Test - info
2018-08-06 at 22:08:04 CST WARN  log4j.Test1 'Line-' 16 Test - warn
2018-08-06 at 22:08:04 CST ERROR log4j.Test1 'Line-' 17 Test - error
2018-08-06 at 22:08:04 CST FATAL log4j.Test1 'Line-' 18 Test - fatal
2018-08-06 at 22:08:04 CST INFO  log4j.Test1 'Line-' 23 Test2 - log4j.Test1:DEBUG in 4629104a
2018-08-06 at 22:08:04 CST INFO  log4j.Test1 'Line-' 24 Test2 - org.apache.logging.log4j.core.Logger
2018-08-06 at 22:08:04 CST INFO  log4j.Test1 'Line-' 29 Test3 - {%d %-5p [%t] %C{2} (%F:%L) - %m%n}
2018-08-06 at 22:08:42 CST INFO  log4j.Test1 'Line-' 15 Test - info
2018-08-06 at 22:08:42 CST WARN  log4j.Test1 'Line-' 16 Test - warn
2018-08-06 at 22:08:42 CST ERROR log4j.Test1 'Line-' 17 Test - error
2018-08-06 at 22:08:42 CST FATAL log4j.Test1 'Line-' 18 Test - fatal
2018-08-06 at 22:08:59 CST INFO  log4j.Test1 'Line-' 15 Test - info
2018-08-06 at 22:08:59 CST WARN  log4j.Test1 'Line-' 16 Test - warn
2018-08-06 at 22:08:59 CST ERROR log4j.Test1 'Line-' 17 Test - error
2018-08-06 at 22:08:59 CST FATAL log4j.Test1 'Line-' 18 Test - fatal
2018-08-06 at 22:14:45 CST INFO  log4j.Test1 'Line-' 29 Test3 - {%d %-5p [%t] %C{2} (%F:%L) - %m%n}
2018-08-06 at 22:15:42 CST INFO  log4j.Test1 'Line-' 15 Test - info
2018-08-06 at 22:15:42 CST WARN  log4j.Test1 'Line-' 16 Test - warn
2018-08-06 at 22:15:42 CST ERROR log4j.Test1 'Line-' 17 Test - error
2018-08-06 at 22:15:42 CST FATAL log4j.Test1 'Line-' 18 Test - fatal
2018-08-06 at 22:18:03 CST INFO  log4j.Test1 'Line-' 23 Test2 - log4j.Test1:DEBUG in 4629104a
2018-08-06 at 22:18:03 CST INFO  log4j.Test1 'Line-' 24 Test2 - org.apache.logging.log4j.core.Logger
2018-08-06 at 22:23:16 CST INFO  log4j.Test1 'Line-' 29 Test3 - {%d %-5p [%t] %C{2} (%F:%L) - %m%n}
